# Logfile created on 2024-11-08 22:33:40 +0200 by logger.rb/v1.5.0
I, [2024-11-08T22:33:40.673553 #59636]  INFO -- : Processed file: example_file
E, [2024-11-08T22:33:40.673684 #59636] ERROR -- : Error: Example error
I, [2024-11-08T22:33:40.675267 #59636]  INFO -- : Processed file: example_file
E, [2024-11-08T22:33:40.675344 #59636] ERROR -- : Error: Example error
I, [2024-11-08T22:44:30.711320 #67894]  INFO -- : Processed file: example_file
E, [2024-11-08T22:44:30.711577 #67894] ERROR -- : Error: Example error
I, [2024-11-08T22:47:50.136526 #69553]  INFO -- : Processed file: example_file
E, [2024-11-08T22:47:50.136734 #69553] ERROR -- : Error: Example error
I, [2024-11-08T22:47:50.136801 #69553]  INFO -- : Processed file: Item initialized: RbParser::Item - name: Товар 1, price: 150, description: No description, category: Uncategorized, image_path: default.jpg
I, [2024-11-08T22:47:51.446220 #69553]  INFO -- : Processed file: Item initialized: RbParser::Item - name: Intelligent Paper Bag, price: 35.36, description: Iure aut et dignissimos., category: Shoes, Kids & Games, image_path: et.jpg
I, [2024-11-08T22:47:51.447489 #69553]  INFO -- : Processed file: example_file
E, [2024-11-08T22:47:51.447538 #69553] ERROR -- : Error: Example error
I, [2024-11-08T22:47:51.447579 #69553]  INFO -- : Processed file: Item initialized: RbParser::Item - name: Товар 1, price: 150, description: No description, category: Uncategorized, image_path: default.jpg
I, [2024-11-08T22:47:51.447971 #69553]  INFO -- : Processed file: Item initialized: RbParser::Item - name: Awesome Copper Bottle, price: 7.79, description: Non aliquam nam et., category: Outdoors, image_path: temporibus.jpg
I, [2024-11-08T22:48:02.678788 #69648]  INFO -- : Processed file: example_file
E, [2024-11-08T22:48:02.678873 #69648] ERROR -- : Error: Example error
I, [2024-11-08T22:48:02.679077 #69648]  INFO -- : Processed file: Item initialized: RbParser::Item - name: Товар 1, price: 150, description: No description, category: Uncategorized, image_path: default.jpg
I, [2024-11-08T22:48:04.119636 #69648]  INFO -- : Processed file: Item initialized: RbParser::Item - name: Intelligent Linen Knife, price: 14.37, description: Rerum sed est exercitationem., category: Toys, image_path: sit.jpg
I, [2024-11-08T22:48:04.120772 #69648]  INFO -- : Processed file: example_file
E, [2024-11-08T22:48:04.120814 #69648] ERROR -- : Error: Example error
I, [2024-11-08T22:48:04.120851 #69648]  INFO -- : Processed file: Item initialized: RbParser::Item - name: Товар 1, price: 150, description: No description, category: Uncategorized, image_path: default.jpg
I, [2024-11-08T22:48:04.121249 #69648]  INFO -- : Processed file: Item initialized: RbParser::Item - name: Durable Granite Clock, price: 63.79, description: Ut soluta delectus et., category: Computers, image_path: praesentium.jpg
I, [2024-11-08T23:02:48.187053 #61435]  INFO -- : Processed file: example_file
E, [2024-11-08T23:02:48.188189 #61435] ERROR -- : Error: Example error
I, [2024-11-08T23:02:48.188334 #61435]  INFO -- : Processed file: Item initialized: RbParser::Item - name: Товар 1, price: 150, description: No description, category: Uncategorized, image_path: default.jpg
I, [2024-11-08T23:02:50.339194 #61435]  INFO -- : Processed file: Item initialized: RbParser::Item - name: Gorgeous Copper Clock, price: 19.72, description: Molestiae atque dolorem temporibus., category: Baby, image_path: consequatur.jpg
I, [2024-11-08T23:04:11.024135 #61517]  INFO -- : Processed file: example_file
E, [2024-11-08T23:04:11.044857 #61517] ERROR -- : Error: Example error
I, [2024-11-08T23:04:11.044965 #61517]  INFO -- : Processed file: Item initialized: RbParser::Item - name: Товар 1, price: 150, description: No description, category: Uncategorized, image_path: default.jpg
I, [2024-11-08T23:04:22.560849 #61517]  INFO -- : Processed file: Item initialized: RbParser::Item - name: Heavy Duty Paper Pants, price: 13.92, description: Accusantium et qui temporibus., category: Electronics, Grocery & Toys, image_path: in.jpg
I, [2024-11-08T23:09:47.698560 #61919]  INFO -- : Processed file: example_file
E, [2024-11-08T23:09:47.698873 #61919] ERROR -- : Error: Example error
I, [2024-11-08T23:09:47.698993 #61919]  INFO -- : Processed file: Item initialized: RbParser::Item - name: Товар 1, price: 150, description: No description, category: Uncategorized, image_path: default.jpg
I, [2024-11-08T23:09:49.866840 #61919]  INFO -- : Processed file: Item initialized: RbParser::Item - name: Ergonomic Linen Shirt, price: 6.41, description: Impedit reprehenderit est dolor., category: Music & Kids, image_path: dolorem.jpg
I, [2024-11-08T23:11:56.374243 #62081]  INFO -- : Processed file: example_file
E, [2024-11-08T23:11:56.375883 #62081] ERROR -- : Error: Example error
I, [2024-11-08T23:11:56.375987 #62081]  INFO -- : Processed file: Item initialized: RbParser::Item - name: Товар 1, price: 150, description: No description, category: Uncategorized, image_path: default.jpg
I, [2024-11-08T23:11:59.719866 #62081]  INFO -- : Processed file: Item initialized: RbParser::Item - name: Lightweight Iron Knife, price: 70.87, description: Beatae velit voluptatum doloremque., category: Shoes & Outdoors, image_path: aperiam.jpg
I, [2024-11-08T23:11:59.720045 #62081]  INFO -- : Cart initialized with an empty items array
I, [2024-11-08T23:11:59.720843 #62081]  INFO -- : Item added: {:name=>"Item 1", :price=>84, :quantity=>3}
I, [2024-11-08T23:11:59.721325 #62081]  INFO -- : Item added: {:name=>"Item 2", :price=>64, :quantity=>1}
I, [2024-11-08T23:11:59.722725 #62081]  INFO -- : Item added: {:name=>"Item 3", :price=>49, :quantity=>4}
I, [2024-11-08T23:11:59.722808 #62081]  INFO -- : Item added: {:name=>"Item 4", :price=>87, :quantity=>1}
I, [2024-11-08T23:11:59.722860 #62081]  INFO -- : Item added: {:name=>"Item 5", :price=>33, :quantity=>2}
I, [2024-11-08T23:11:59.722900 #62081]  INFO -- : 5 test items generated
I, [2024-11-08T23:11:59.723150 #62081]  INFO -- : Showing all items in the cart
I, [2024-11-08T23:11:59.724206 #62081]  INFO -- : Items saved to text file: items.txt
I, [2024-11-08T23:11:59.725065 #62081]  INFO -- : Items saved to JSON file: items.json
I, [2024-11-08T23:11:59.726285 #62081]  INFO -- : Items saved to CSV file: items.csv
I, [2024-11-08T23:11:59.748837 #62081]  INFO -- : Items saved to YAML files in directory: items_yaml
I, [2024-11-08T23:11:59.758750 #62081]  INFO -- : Processed file: example_file
E, [2024-11-08T23:11:59.758839 #62081] ERROR -- : Error: Example error
I, [2024-11-08T23:11:59.758912 #62081]  INFO -- : Processed file: Item initialized: RbParser::Item - name: Товар 1, price: 150, description: No description, category: Uncategorized, image_path: default.jpg
I, [2024-11-08T23:11:59.764017 #62081]  INFO -- : Processed file: Item initialized: RbParser::Item - name: Durable Linen Plate, price: 9.54, description: Est voluptatem tempore quis., category: Electronics & Games, image_path: quia.jpg
I, [2024-11-08T23:11:59.764158 #62081]  INFO -- : Cart initialized with an empty items array
I, [2024-11-08T23:11:59.764228 #62081]  INFO -- : Item added: {:name=>"Item 1", :price=>53, :quantity=>3}
I, [2024-11-08T23:11:59.764278 #62081]  INFO -- : Item added: {:name=>"Item 2", :price=>28, :quantity=>5}
I, [2024-11-08T23:11:59.764322 #62081]  INFO -- : Item added: {:name=>"Item 3", :price=>27, :quantity=>4}
I, [2024-11-08T23:11:59.765532 #62081]  INFO -- : Item added: {:name=>"Item 4", :price=>37, :quantity=>1}
I, [2024-11-08T23:11:59.766394 #62081]  INFO -- : Item added: {:name=>"Item 5", :price=>95, :quantity=>1}
I, [2024-11-08T23:11:59.766502 #62081]  INFO -- : 5 test items generated
I, [2024-11-08T23:11:59.766550 #62081]  INFO -- : Showing all items in the cart
I, [2024-11-08T23:11:59.768196 #62081]  INFO -- : Items saved to text file: items.txt
I, [2024-11-08T23:11:59.769112 #62081]  INFO -- : Items saved to JSON file: items.json
I, [2024-11-08T23:11:59.769755 #62081]  INFO -- : Items saved to CSV file: items.csv
I, [2024-11-08T23:11:59.786217 #62081]  INFO -- : Items saved to YAML files in directory: items_yaml
